<?xml version="1.0" encoding="utf-8"?><testsuites name="pytest tests"><testsuite name="pytest" errors="0" failures="1" skipped="0" tests="36" time="4.551" timestamp="2026-07-07T18:28:43.551438+00:00" hostname="agent-env-8acd5f59-fc30-4d0b-8df0-e3066c904643"><testcase classname="backend.tests.backend_test" name="test_public_pages_load[/]" time="0.175" /><testcase classname="backend.tests.backend_test" name="test_public_pages_load[/about]" time="0.058" /><testcase classname="backend.tests.backend_test" name="test_public_pages_load[/services]" time="0.061" /><testcase classname="backend.tests.backend_test" name="test_public_pages_load[/doctors]" time="0.061" /><testcase classname="backend.tests.backend_test" name="test_public_pages_load[/gallery]" time="0.060" /><testcase classname="backend.tests.backend_test" name="test_public_pages_load[/events]" time="0.061" /><testcase classname="backend.tests.backend_test" name="test_public_pages_load[/testimonials]" time="0.062" /><testcase classname="backend.tests.backend_test" name="test_public_pages_load[/offers]" time="0.060" /><testcase classname="backend.tests.backend_test" name="test_public_pages_load[/blogs]" time="0.061" /><testcase classname="backend.tests.backend_test" name="test_public_pages_load[/contact]" time="0.063" /><testcase classname="backend.tests.backend_test" name="test_doctor_detail_slug" time="0.062"><failure message="AssertionError: doctor detail -&gt; 404&#10;assert 404 == 200&#10; +  where 404 = &lt;Response [404]&gt;.status_code">backend/tests/backend_test.py:64: in test_doctor_detail_slug
    assert r.status_code == 200, f"doctor detail -&gt; {r.status_code}"
E   AssertionError: doctor detail -&gt; 404
E   assert 404 == 200
E    +  where 404 = &lt;Response [404]&gt;.status_code</failure></testcase><testcase classname="backend.tests.backend_test" name="test_light_theme_no_dark_toggle" time="0.069" /><testcase classname="backend.tests.backend_test" name="test_contact_form_submission_saves_enquiry" time="0.176" /><testcase classname="backend.tests.backend_test" name="test_admin_login_wrong_credentials" time="0.409" /><testcase classname="backend.tests.backend_test" name="test_admin_guest_redirect" time="0.125" /><testcase classname="backend.tests.backend_test" name="test_admin_dashboard_loads" time="0.477" /><testcase classname="backend.tests.backend_test" name="test_created_doctor_visible_on_public_site" time="0.277" /><testcase classname="backend.tests.backend_test" name="test_admin_edit_doctor" time="0.178" /><testcase classname="backend.tests.backend_test" name="test_admin_delete_doctor" time="0.146" /><testcase classname="backend.tests.backend_test" name="test_admin_listing_pages[/admin/banners]" time="0.072" /><testcase classname="backend.tests.backend_test" name="test_admin_listing_pages[/admin/about]" time="0.069" /><testcase classname="backend.tests.backend_test" name="test_admin_listing_pages[/admin/services]" time="0.060" /><testcase classname="backend.tests.backend_test" name="test_admin_listing_pages[/admin/doctors]" time="0.089" /><testcase classname="backend.tests.backend_test" name="test_admin_listing_pages[/admin/gallery]" time="0.062" /><testcase classname="backend.tests.backend_test" name="test_admin_listing_pages[/admin/events]" time="0.067" /><testcase classname="backend.tests.backend_test" name="test_admin_listing_pages[/admin/testimonials]" time="0.059" /><testcase classname="backend.tests.backend_test" name="test_admin_listing_pages[/admin/offers]" time="0.059" /><testcase classname="backend.tests.backend_test" name="test_admin_listing_pages[/admin/blogs]" time="0.059" /><testcase classname="backend.tests.backend_test" name="test_admin_listing_pages[/admin/faqs]" time="0.063" /><testcase classname="backend.tests.backend_test" name="test_admin_listing_pages[/admin/contact-details]" time="0.062" /><testcase classname="backend.tests.backend_test" name="test_admin_listing_pages[/admin/social-links]" time="0.067" /><testcase classname="backend.tests.backend_test" name="test_admin_listing_pages[/admin/seo-settings]" time="0.059" /><testcase classname="backend.tests.backend_test" name="test_admin_listing_pages[/admin/website-settings]" time="0.066" /><testcase classname="backend.tests.backend_test" name="test_admin_listing_pages[/admin/enquiries]" time="0.058" /><testcase classname="backend.tests.backend_test" name="test_admin_enquiries_shows_recent_submission" time="0.067" /><testcase classname="backend.tests.backend_test" name="test_admin_logout_and_reprotection" time="0.609" /></testsuite></testsuites>