<?xml version="1.0" encoding="utf-8"?><testsuites name="pytest tests"><testsuite name="pytest" errors="0" failures="0" skipped="0" tests="65" time="6.743" timestamp="2026-07-09T07:51:51.694704+00:00" hostname="agent-env-c8ed9e64-033a-470d-91f8-3410b04bb799"><testcase classname="backend.tests.backend_test" name="test_public_pages_load[/]" time="0.243" /><testcase classname="backend.tests.backend_test" name="test_public_pages_load[/about]" time="0.057" /><testcase classname="backend.tests.backend_test" name="test_public_pages_load[/services]" time="0.052" /><testcase classname="backend.tests.backend_test" name="test_public_pages_load[/doctors]" time="0.054" /><testcase classname="backend.tests.backend_test" name="test_public_pages_load[/gallery]" time="0.054" /><testcase classname="backend.tests.backend_test" name="test_public_pages_load[/events]" time="0.053" /><testcase classname="backend.tests.backend_test" name="test_public_pages_load[/testimonials]" time="0.051" /><testcase classname="backend.tests.backend_test" name="test_public_pages_load[/offers]" time="0.051" /><testcase classname="backend.tests.backend_test" name="test_public_pages_load[/blogs]" time="0.054" /><testcase classname="backend.tests.backend_test" name="test_public_pages_load[/contact]" time="0.052" /><testcase classname="backend.tests.backend_test" name="test_doctor_detail_slug" time="0.054" /><testcase classname="backend.tests.backend_test" name="test_light_theme_no_dark_toggle" time="0.062" /><testcase classname="backend.tests.backend_test" name="test_contact_form_submission_saves_enquiry" time="0.150" /><testcase classname="backend.tests.backend_test" name="test_admin_login_wrong_credentials" time="0.382" /><testcase classname="backend.tests.backend_test" name="test_admin_guest_redirect" time="0.107" /><testcase classname="backend.tests.backend_test" name="test_admin_dashboard_loads" time="0.443" /><testcase classname="backend.tests.backend_test" name="test_created_doctor_visible_on_public_site" time="0.205" /><testcase classname="backend.tests.backend_test" name="test_admin_edit_doctor" time="0.100" /><testcase classname="backend.tests.backend_test" name="test_admin_delete_doctor" time="0.095" /><testcase classname="backend.tests.backend_test" name="test_admin_listing_pages[/admin/banners]" time="0.049" /><testcase classname="backend.tests.backend_test" name="test_admin_listing_pages[/admin/about]" time="0.049" /><testcase classname="backend.tests.backend_test" name="test_admin_listing_pages[/admin/services]" time="0.052" /><testcase classname="backend.tests.backend_test" name="test_admin_listing_pages[/admin/doctors]" time="0.048" /><testcase classname="backend.tests.backend_test" name="test_admin_listing_pages[/admin/gallery]" time="0.051" /><testcase classname="backend.tests.backend_test" name="test_admin_listing_pages[/admin/events]" time="0.051" /><testcase classname="backend.tests.backend_test" name="test_admin_listing_pages[/admin/testimonials]" time="0.051" /><testcase classname="backend.tests.backend_test" name="test_admin_listing_pages[/admin/offers]" time="0.102" /><testcase classname="backend.tests.backend_test" name="test_admin_listing_pages[/admin/blogs]" time="0.047" /><testcase classname="backend.tests.backend_test" name="test_admin_listing_pages[/admin/faqs]" time="0.047" /><testcase classname="backend.tests.backend_test" name="test_admin_listing_pages[/admin/contact-details]" time="0.047" /><testcase classname="backend.tests.backend_test" name="test_admin_listing_pages[/admin/social-links]" time="0.048" /><testcase classname="backend.tests.backend_test" name="test_admin_listing_pages[/admin/seo-settings]" time="0.048" /><testcase classname="backend.tests.backend_test" name="test_admin_listing_pages[/admin/website-settings]" time="0.048" /><testcase classname="backend.tests.backend_test" name="test_admin_listing_pages[/admin/enquiries]" time="0.050" /><testcase classname="backend.tests.backend_test" name="test_admin_enquiries_shows_recent_submission" time="0.050" /><testcase classname="backend.tests.backend_test" name="test_admin_logout_and_reprotection" time="0.515" /><testcase classname="backend.tests.backend_test" name="test_no_green_colors_in_css" time="0.099" /><testcase classname="backend.tests.backend_test" name="test_fonts_loaded" time="0.058" /><testcase classname="backend.tests.backend_test" name="test_header_svg_logo_no_text_fallback" time="0.055" /><testcase classname="backend.tests.backend_test" name="test_header_has_more_dropdown_and_lang_toggle" time="0.075" /><testcase classname="backend.tests.backend_test" name="test_language_toggle_switches_to_hindi" time="0.384" /><testcase classname="backend.tests.backend_test" name="test_admin_translations_page_loads" time="0.056" /><testcase classname="backend.tests.backend_test" name="test_admin_sidebar_has_translations_link" time="0.049" /><testcase classname="backend.tests.backend_test" name="test_admin_translations_seed_defaults" time="0.154" /><testcase classname="backend.tests.backend_test" name="test_admin_translation_crud" time="0.333" /><testcase classname="backend.tests.backend_test" name="test_home_hero_appointment_card_present" time="0.057" /><testcase classname="backend.tests.backend_test" name="test_home_hero_form_required_attributes" time="0.056" /><testcase classname="backend.tests.backend_test" name="test_hero_form_server_side_validation_blocks_empty" time="0.112" /><testcase classname="backend.tests.backend_test" name="test_hero_form_valid_submission_saves_enquiry" time="0.251" /><testcase classname="backend.tests.backend_test" name="test_hero_form_rejects_past_date" time="0.101" /><testcase classname="backend.tests.backend_test" name="test_admin_enquiries_has_date_filter_and_tabs" time="0.050" /><testcase classname="backend.tests.backend_test" name="test_admin_enquiries_online_tab_banner" time="0.051" /><testcase classname="backend.tests.backend_test" name="test_admin_enquiries_date_banner" time="0.055" /><testcase classname="backend.tests.backend_test" name="test_admin_website_settings_new_fields" time="0.050" /><testcase classname="backend.tests.backend_test" name="test_admin_website_settings_save_notify_email" time="0.159" /><testcase classname="backend.tests.backend_test" name="test_tinymce_loaded_on_admin_layout" time="0.049" /><testcase classname="backend.tests.backend_test" name="test_wysiwyg_textarea_present[/admin/blogs/create]" time="0.189" /><testcase classname="backend.tests.backend_test" name="test_wysiwyg_textarea_present[/admin/services/create]" time="0.050" /><testcase classname="backend.tests.backend_test" name="test_wysiwyg_textarea_present[/admin/doctors/create]" time="0.050" /><testcase classname="backend.tests.backend_test" name="test_wysiwyg_textarea_present[/admin/about]" time="0.046" /><testcase classname="backend.tests.backend_test" name="test_wysiwyg_textarea_present[/admin/events/create]" time="0.048" /><testcase classname="backend.tests.backend_test" name="test_wysiwyg_textarea_present[/admin/offers/create]" time="0.049" /><testcase classname="backend.tests.backend_test" name="test_admin_login_page_new_design" time="0.047" /><testcase classname="backend.tests.backend_test" name="test_admin_sidebar_grouped" time="0.050" /><testcase classname="backend.tests.backend_test" name="test_contact_form_still_works_normal_source" time="0.145" /></testsuite></testsuites>